Build started 27.12.2016 18:07:58.
     1>Project "C:\Users\Катя\Documents\Visual Studio 2010\Projects\sample\startpy\startpy.vcxproj" on node 2 (rebuild target(s)).
     1>_PrepareForClean:
         Deleting file "x64\Release\startpy.lastbuildstate".
       InitializeBuildStatus:
         Creating "x64\Release\startpy.unsuccessfulbuild" because "AlwaysCreate" was specified.
       ClCompile:
         C:\Program Files (x86)\Microsoft Visual Studio 10.0\VC\bin\x86_amd64\CL.exe /c /I"D:\Python-3.4.4rc1\Include" /I"D:\Python-3.4.4rc1\PC" /Zi /nologo /W3 /WX- /O2 /Oi /GL /D WIN32 /D NDEBUG /D _CONSOLE /D _UNICODE /D UNICODE /Gm- /EHsc /MD /GS /Gy /fp:precise /Zc:wchar_t /Zc:forScope /Yc"StdAfx.h" /Fp"x64\Release\startpy.pch" /Fo"x64\Release\\" /Fd"x64\Release\vc100.pdb" /Gd /TP /errorReport:prompt stdafx.cpp
         stdafx.cpp
         C:\Program Files (x86)\Microsoft Visual Studio 10.0\VC\bin\x86_amd64\CL.exe /c /I"D:\Python-3.4.4rc1\Include" /I"D:\Python-3.4.4rc1\PC" /Zi /nologo /W3 /WX- /O2 /Oi /GL /D WIN32 /D NDEBUG /D _CONSOLE /D _UNICODE /D UNICODE /Gm- /EHsc /MD /GS /Gy /fp:precise /Zc:wchar_t /Zc:forScope /Yu"StdAfx.h" /Fp"x64\Release\startpy.pch" /Fo"x64\Release\\" /Fd"x64\Release\vc100.pdb" /Gd /TP /errorReport:prompt startpy.cpp
         startpy.cpp
       Link:
         C:\Program Files (x86)\Microsoft Visual Studio 10.0\VC\bin\x86_amd64\link.exe /ERRORREPORT:PROMPT /OUT:"C:\Users\Катя\Documents\Visual Studio 2010\Projects\sample\x64\Release\startpy.exe" /INCREMENTAL:NO /NOLOGO "D:\Python-3.4.4rc1\PCbuild\amd64\python34.lib" kernel32.lib user32.lib gdi32.lib winspool.lib comdlg32.lib advapi32.lib shell32.lib ole32.lib oleaut32.lib uuid.lib odbc32.lib odbccp32.lib kernel32.lib user32.lib gdi32.lib winspool.lib comdlg32.lib advapi32.lib shell32.lib ole32.lib oleaut32.lib uuid.lib odbc32.lib odbccp32.lib /MANIFEST /ManifestFile:"x64\Release\startpy.exe.intermediate.manifest" /MANIFESTUAC:"level='asInvoker' uiAccess='false'" /DEBUG /PDB:"C:\Users\Катя\Documents\Visual Studio 2010\Projects\sample\x64\Release\startpy.pdb" /SUBSYSTEM:CONSOLE /OPT:REF /OPT:ICF /LTCG /TLBID:1 /DYNAMICBASE /NXCOMPAT /IMPLIB:"C:\Users\Катя\Documents\Visual Studio 2010\Projects\sample\x64\Release\startpy.lib" /MACHINE:X64 x64\Release\startpy.obj
         x64\Release\stdafx.obj
         Generating code
         Finished generating code
         startpy.vcxproj -> C:\Users\Катя\Documents\Visual Studio 2010\Projects\sample\x64\Release\startpy.exe
       Manifest:
         C:\Program Files (x86)\Microsoft SDKs\Windows\v7.0A\bin\mt.exe /nologo /verbose /outputresource:"C:\Users\Катя\Documents\Visual Studio 2010\Projects\sample\x64\Release\startpy.exe;#1" /manifest x64\Release\startpy.exe.intermediate.manifest
       FinalizeBuildStatus:
         Deleting file "x64\Release\startpy.unsuccessfulbuild".
         Touching "x64\Release\startpy.lastbuildstate".
     1>Done Building Project "C:\Users\Катя\Documents\Visual Studio 2010\Projects\sample\startpy\startpy.vcxproj" (rebuild target(s)).

Build succeeded.

Time Elapsed 00:00:00.41
