C:\USERS\Катя\DOCUMENTS\VISUAL STUDIO 2010\PROJECTS\SAMPLE\A\DEBUG\A.DLL.EMBED.MANIFEST
C:\USERS\Катя\DOCUMENTS\VISUAL STUDIO 2010\PROJECTS\SAMPLE\A\DEBUG\A.DLL.EMBED.MANIFEST.RES
C:\USERS\Катя\DOCUMENTS\VISUAL STUDIO 2010\PROJECTS\SAMPLE\A\DEBUG\A.DLL.INTERMEDIATE.MANIFEST
C:\USERS\Катя\DOCUMENTS\VISUAL STUDIO 2010\PROJECTS\SAMPLE\A\DEBUG\A.OBJ
C:\Users\Катя\Documents\Visual Studio 2010\Projects\sample\A\Debug\A.write.1.tlog
C:\Users\Катя\Documents\Visual Studio 2010\Projects\sample\A\Debug\A_manifest.rc
C:\Users\Катя\Documents\Visual Studio 2010\Projects\sample\A\Debug\cl.command.1.tlog
C:\Users\Катя\Documents\Visual Studio 2010\Projects\sample\A\Debug\CL.read.1.tlog
C:\Users\Катя\Documents\Visual Studio 2010\Projects\sample\A\Debug\CL.write.1.tlog
C:\Users\Катя\Documents\Visual Studio 2010\Projects\sample\A\Debug\link.5572.read.1.tlog
C:\Users\Катя\Documents\Visual Studio 2010\Projects\sample\A\Debug\link.5572.write.1.tlog
C:\Users\Катя\Documents\Visual Studio 2010\Projects\sample\A\Debug\link.5572-cvtres.read.1.tlog
C:\Users\Катя\Documents\Visual Studio 2010\Projects\sample\A\Debug\link.5572-cvtres.write.1.tlog
C:\Users\Катя\Documents\Visual Studio 2010\Projects\sample\A\Debug\link.command.1.tlog
C:\Users\Катя\Documents\Visual Studio 2010\Projects\sample\A\Debug\link.read.1.tlog
C:\Users\Катя\Documents\Visual Studio 2010\Projects\sample\A\Debug\link.write.1.tlog
C:\Users\Катя\Documents\Visual Studio 2010\Projects\sample\A\Debug\link-cvtres.read.1.tlog
C:\Users\Катя\Documents\Visual Studio 2010\Projects\sample\A\Debug\link-cvtres.write.1.tlog
C:\Users\Катя\Documents\Visual Studio 2010\Projects\sample\A\Debug\mt.command.1.tlog
C:\Users\Катя\Documents\Visual Studio 2010\Projects\sample\A\Debug\mt.read.1.tlog
C:\Users\Катя\Documents\Visual Studio 2010\Projects\sample\A\Debug\mt.write.1.tlog
C:\Users\Катя\Documents\Visual Studio 2010\Projects\sample\A\Debug\rc.command.1.tlog
C:\Users\Катя\Documents\Visual Studio 2010\Projects\sample\A\Debug\rc.read.1.tlog
C:\Users\Катя\Documents\Visual Studio 2010\Projects\sample\A\Debug\rc.write.1.tlog
C:\Users\Катя\Documents\Visual Studio 2010\Projects\sample\A\Debug\vc100.idb
C:\USERS\КАТЯ\DOCUMENTS\VISUAL STUDIO 2010\PROJECTS\SAMPLE\A\DEBUG\VC100.PDB
C:\USERS\Катя\DOCUMENTS\VISUAL STUDIO 2010\PROJECTS\SAMPLE\DEBUG\A.DLL
C:\USERS\Катя\DOCUMENTS\VISUAL STUDIO 2010\PROJECTS\SAMPLE\DEBUG\A.ILK
C:\USERS\КАТЯ\DOCUMENTS\VISUAL STUDIO 2010\PROJECTS\SAMPLE\DEBUG\A.PDB
