Build started 27.12.2016 17:55:46.
     1>Project "C:\Users\Катя\Documents\Visual Studio 2010\Projects\sample\A\A.vcxproj" on node 2 (rebuild target(s)).
     1>_PrepareForClean:
         Deleting file "Debug\A.lastbuildstate".
       InitializeBuildStatus:
         Creating "Debug\A.unsuccessfulbuild" because "AlwaysCreate" was specified.
       ClCompile:
         C:\Program Files (x86)\Microsoft Visual Studio 10.0\VC\bin\CL.exe /c /ZI /nologo /W3 /WX- /Od /Oy- /D WIN32 /D _DEBUG /D _WINDOWS /D _USRDLL /D A_EXPORTS /D _WINDLL /D _UNICODE /D UNICODE /Gm /EHsc /RTC1 /MDd /GS /fp:precise /Zc:wchar_t /Zc:forScope /Fo"Debug\\" /Fd"Debug\vc100.pdb" /Gd /TP /analyze- /errorReport:prompt A.cpp
         A.cpp
       ManifestResourceCompile:
         C:\Program Files (x86)\Microsoft SDKs\Windows\v7.0A\bin\rc.exe /nologo /fo"Debug\A.dll.embed.manifest.res" Debug\A_manifest.rc 
       Link:
         C:\Program Files (x86)\Microsoft Visual Studio 10.0\VC\bin\link.exe /ERRORREPORT:PROMPT /OUT:"C:\Users\Катя\Documents\Visual Studio 2010\Projects\sample\Debug\A.dll" /INCREMENTAL /NOLOGO kernel32.lib user32.lib gdi32.lib winspool.lib comdlg32.lib advapi32.lib shell32.lib ole32.lib oleaut32.lib uuid.lib odbc32.lib odbccp32.lib /MANIFEST /ManifestFile:"Debug\A.dll.intermediate.manifest" /MANIFESTUAC:"level='asInvoker' uiAccess='false'" /DEBUG /PDB:"C:\Users\Катя\Documents\Visual Studio 2010\Projects\sample\Debug\A.pdb" /SUBSYSTEM:WINDOWS /TLBID:1 /DYNAMICBASE /NXCOMPAT /IMPLIB:"C:\Users\Катя\Documents\Visual Studio 2010\Projects\sample\Debug\A.lib" /MACHINE:X86 /DLL Debug\A.dll.embed.manifest.res
         Debug\A.obj
       Manifest:
         Deleting file "Debug\A.dll.embed.manifest".
         C:\Program Files (x86)\Microsoft SDKs\Windows\v7.0A\bin\mt.exe /nologo /verbose /out:"Debug\A.dll.embed.manifest" /manifest Debug\A.dll.intermediate.manifest
         C:\Program Files (x86)\Microsoft SDKs\Windows\v7.0A\bin\rc.exe /nologo /fo"Debug\A.dll.embed.manifest.res" Debug\A_manifest.rc 
       LinkEmbedManifest:
         C:\Program Files (x86)\Microsoft Visual Studio 10.0\VC\bin\link.exe /ERRORREPORT:PROMPT /OUT:"C:\Users\Катя\Documents\Visual Studio 2010\Projects\sample\Debug\A.dll" /INCREMENTAL /NOLOGO kernel32.lib user32.lib gdi32.lib winspool.lib comdlg32.lib advapi32.lib shell32.lib ole32.lib oleaut32.lib uuid.lib odbc32.lib odbccp32.lib /MANIFEST /ManifestFile:"Debug\A.dll.intermediate.manifest" /MANIFESTUAC:"level='asInvoker' uiAccess='false'" /DEBUG /PDB:"C:\Users\Катя\Documents\Visual Studio 2010\Projects\sample\Debug\A.pdb" /SUBSYSTEM:WINDOWS /TLBID:1 /DYNAMICBASE /NXCOMPAT /IMPLIB:"C:\Users\Катя\Documents\Visual Studio 2010\Projects\sample\Debug\A.lib" /MACHINE:X86 /DLL Debug\A.dll.embed.manifest.res
         Debug\A.obj
         A.vcxproj -> C:\Users\Катя\Documents\Visual Studio 2010\Projects\sample\Debug\A.dll
       FinalizeBuildStatus:
         Deleting file "Debug\A.unsuccessfulbuild".
         Touching "Debug\A.lastbuildstate".
     1>Done Building Project "C:\Users\Катя\Documents\Visual Studio 2010\Projects\sample\A\A.vcxproj" (rebuild target(s)).

Build succeeded.

Time Elapsed 00:00:00.46
