C:\Users\Катя\Documents\Visual Studio 2010\Projects\sample\startpy\x64\Debug\cl.command.1.tlog
C:\Users\Катя\Documents\Visual Studio 2010\Projects\sample\startpy\x64\Debug\CL.read.1.tlog
C:\Users\Катя\Documents\Visual Studio 2010\Projects\sample\startpy\x64\Debug\CL.write.1.tlog
C:\Users\Катя\Documents\Visual Studio 2010\Projects\sample\startpy\x64\Debug\link.5232.read.1.tlog
C:\Users\Катя\Documents\Visual Studio 2010\Projects\sample\startpy\x64\Debug\link.5232.write.1.tlog
C:\Users\Катя\Documents\Visual Studio 2010\Projects\sample\startpy\x64\Debug\link.5232-cvtres.read.1.tlog
C:\Users\Катя\Documents\Visual Studio 2010\Projects\sample\startpy\x64\Debug\link.5232-cvtres.write.1.tlog
C:\Users\Катя\Documents\Visual Studio 2010\Projects\sample\startpy\x64\Debug\link.command.1.tlog
C:\Users\Катя\Documents\Visual Studio 2010\Projects\sample\startpy\x64\Debug\link.read.1.tlog
C:\Users\Катя\Documents\Visual Studio 2010\Projects\sample\startpy\x64\Debug\link.write.1.tlog
C:\Users\Катя\Documents\Visual Studio 2010\Projects\sample\startpy\x64\Debug\link-cvtres.read.1.tlog
C:\Users\Катя\Documents\Visual Studio 2010\Projects\sample\startpy\x64\Debug\link-cvtres.write.1.tlog
C:\Users\Катя\Documents\Visual Studio 2010\Projects\sample\startpy\x64\Debug\mt.command.1.tlog
C:\Users\Катя\Documents\Visual Studio 2010\Projects\sample\startpy\x64\Debug\mt.read.1.tlog
C:\Users\Катя\Documents\Visual Studio 2010\Projects\sample\startpy\x64\Debug\mt.write.1.tlog
C:\Users\Катя\Documents\Visual Studio 2010\Projects\sample\startpy\x64\Debug\rc.command.1.tlog
C:\Users\Катя\Documents\Visual Studio 2010\Projects\sample\startpy\x64\Debug\rc.read.1.tlog
C:\Users\Катя\Documents\Visual Studio 2010\Projects\sample\startpy\x64\Debug\rc.write.1.tlog
C:\USERS\Катя\DOCUMENTS\VISUAL STUDIO 2010\PROJECTS\SAMPLE\STARTPY\X64\DEBUG\STARTPY.EXE.EMBED.MANIFEST
C:\USERS\Катя\DOCUMENTS\VISUAL STUDIO 2010\PROJECTS\SAMPLE\STARTPY\X64\DEBUG\STARTPY.EXE.EMBED.MANIFEST.RES
C:\USERS\Катя\DOCUMENTS\VISUAL STUDIO 2010\PROJECTS\SAMPLE\STARTPY\X64\DEBUG\STARTPY.EXE.INTERMEDIATE.MANIFEST
C:\USERS\Катя\DOCUMENTS\VISUAL STUDIO 2010\PROJECTS\SAMPLE\STARTPY\X64\DEBUG\STARTPY.OBJ
C:\USERS\Катя\DOCUMENTS\VISUAL STUDIO 2010\PROJECTS\SAMPLE\STARTPY\X64\DEBUG\STARTPY.PCH
C:\Users\Катя\Documents\Visual Studio 2010\Projects\sample\startpy\x64\Debug\startpy.write.1.tlog
C:\Users\Катя\Documents\Visual Studio 2010\Projects\sample\startpy\x64\Debug\startpy_manifest.rc
C:\USERS\Катя\DOCUMENTS\VISUAL STUDIO 2010\PROJECTS\SAMPLE\STARTPY\X64\DEBUG\STDAFX.OBJ
C:\Users\Катя\Documents\Visual Studio 2010\Projects\sample\startpy\x64\Debug\vc100.idb
C:\USERS\КАТЯ\DOCUMENTS\VISUAL STUDIO 2010\PROJECTS\SAMPLE\STARTPY\X64\DEBUG\VC100.PDB
C:\USERS\Катя\DOCUMENTS\VISUAL STUDIO 2010\PROJECTS\SAMPLE\X64\DEBUG\STARTPY.EXE
C:\USERS\Катя\DOCUMENTS\VISUAL STUDIO 2010\PROJECTS\SAMPLE\X64\DEBUG\STARTPY.ILK
C:\USERS\КАТЯ\DOCUMENTS\VISUAL STUDIO 2010\PROJECTS\SAMPLE\X64\DEBUG\STARTPY.PDB
