C:\USERS\Катя\DOCUMENTS\VISUAL STUDIO 2010\PROJECTS\SAMPLE\SAMPLE\_SAMPLE_D.ILK
C:\USERS\Катя\DOCUMENTS\VISUAL STUDIO 2010\PROJECTS\SAMPLE\SAMPLE\_SAMPLE_D.PYD
C:\USERS\КАТЯ\DOCUMENTS\VISUAL STUDIO 2010\PROJECTS\SAMPLE\SAMPLE\_WRAP.CXX
C:\Users\Катя\Documents\Visual Studio 2010\Projects\sample\sample\x64\Debug\cl.command.1.tlog
C:\Users\Катя\Documents\Visual Studio 2010\Projects\sample\sample\x64\Debug\CL.read.1.tlog
C:\Users\Катя\Documents\Visual Studio 2010\Projects\sample\sample\x64\Debug\CL.write.1.tlog
C:\Users\Катя\Documents\Visual Studio 2010\Projects\sample\sample\x64\Debug\custombuild.command.1.tlog
C:\Users\Катя\Documents\Visual Studio 2010\Projects\sample\sample\x64\Debug\custombuild.read.1.tlog
C:\Users\Катя\Documents\Visual Studio 2010\Projects\sample\sample\x64\Debug\custombuild.write.1.tlog
C:\Users\Катя\Documents\Visual Studio 2010\Projects\sample\sample\x64\Debug\link.2208.read.1.tlog
C:\Users\Катя\Documents\Visual Studio 2010\Projects\sample\sample\x64\Debug\link.2208.write.1.tlog
C:\Users\Катя\Documents\Visual Studio 2010\Projects\sample\sample\x64\Debug\link.2208-cvtres.read.1.tlog
C:\Users\Катя\Documents\Visual Studio 2010\Projects\sample\sample\x64\Debug\link.2208-cvtres.write.1.tlog
C:\Users\Катя\Documents\Visual Studio 2010\Projects\sample\sample\x64\Debug\link.command.1.tlog
C:\Users\Катя\Documents\Visual Studio 2010\Projects\sample\sample\x64\Debug\link.read.1.tlog
C:\Users\Катя\Documents\Visual Studio 2010\Projects\sample\sample\x64\Debug\link.write.1.tlog
C:\Users\Катя\Documents\Visual Studio 2010\Projects\sample\sample\x64\Debug\link-cvtres.read.1.tlog
C:\Users\Катя\Documents\Visual Studio 2010\Projects\sample\sample\x64\Debug\link-cvtres.write.1.tlog
C:\Users\Катя\Documents\Visual Studio 2010\Projects\sample\sample\x64\Debug\mt.command.1.tlog
C:\Users\Катя\Documents\Visual Studio 2010\Projects\sample\sample\x64\Debug\mt.read.1.tlog
C:\Users\Катя\Documents\Visual Studio 2010\Projects\sample\sample\x64\Debug\mt.write.1.tlog
C:\Users\Катя\Documents\Visual Studio 2010\Projects\sample\sample\x64\Debug\rc.command.1.tlog
C:\Users\Катя\Documents\Visual Studio 2010\Projects\sample\sample\x64\Debug\rc.read.1.tlog
C:\Users\Катя\Documents\Visual Studio 2010\Projects\sample\sample\x64\Debug\rc.write.1.tlog
C:\USERS\Катя\DOCUMENTS\VISUAL STUDIO 2010\PROJECTS\SAMPLE\SAMPLE\X64\DEBUG\SAMPLE.DLL.EMBED.MANIFEST
C:\USERS\Катя\DOCUMENTS\VISUAL STUDIO 2010\PROJECTS\SAMPLE\SAMPLE\X64\DEBUG\SAMPLE.DLL.EMBED.MANIFEST.RES
C:\USERS\Катя\DOCUMENTS\VISUAL STUDIO 2010\PROJECTS\SAMPLE\SAMPLE\X64\DEBUG\SAMPLE.DLL.INTERMEDIATE.MANIFEST
C:\USERS\Катя\DOCUMENTS\VISUAL STUDIO 2010\PROJECTS\SAMPLE\SAMPLE\X64\DEBUG\SAMPLE.OBJ
C:\Users\Катя\Documents\Visual Studio 2010\Projects\sample\sample\x64\Debug\sample.write.1.tlog
C:\Users\Катя\Documents\Visual Studio 2010\Projects\sample\sample\x64\Debug\sample_manifest.rc
C:\USERS\Катя\DOCUMENTS\VISUAL STUDIO 2010\PROJECTS\SAMPLE\SAMPLE\X64\DEBUG\SAMPLE_WRAP.OBJ
C:\Users\Катя\Documents\Visual Studio 2010\Projects\sample\sample\x64\Debug\vc100.idb
C:\USERS\КАТЯ\DOCUMENTS\VISUAL STUDIO 2010\PROJECTS\SAMPLE\SAMPLE\X64\DEBUG\VC100.PDB
C:\Users\Катя\Documents\Visual Studio 2010\Projects\sample\x64\Debug\sample.exp
C:\Users\Катя\Documents\Visual Studio 2010\Projects\sample\x64\Debug\sample.lib
C:\USERS\КАТЯ\DOCUMENTS\VISUAL STUDIO 2010\PROJECTS\SAMPLE\X64\DEBUG\SAMPLE.PDB
