Build started 27.12.2016 15:54:23.
     1>Project "C:\Users\Катя\Documents\Visual Studio 2010\Projects\sample\startpy\startpy.vcxproj" on node 2 (rebuild target(s)).
     1>InitializeBuildStatus:
         Creating "Debug\startpy.unsuccessfulbuild" because "AlwaysCreate" was specified.
       ClCompile:
         C:\Program Files (x86)\Microsoft Visual Studio 10.0\VC\bin\CL.exe /c /ZI /nologo /W3 /WX- /Od /Oy- /D WIN32 /D _DEBUG /D _CONSOLE /D _UNICODE /D UNICODE /Gm /EHsc /RTC1 /MDd /GS /fp:precise /Zc:wchar_t /Zc:forScope /Yc"StdAfx.h" /Fp"Debug\startpy.pch" /Fo"Debug\\" /Fd"Debug\vc100.pdb" /Gd /TP /analyze- /errorReport:prompt stdafx.cpp
         stdafx.cpp
         C:\Program Files (x86)\Microsoft Visual Studio 10.0\VC\bin\CL.exe /c /ZI /nologo /W3 /WX- /Od /Oy- /D WIN32 /D _DEBUG /D _CONSOLE /D _UNICODE /D UNICODE /Gm /EHsc /RTC1 /MDd /GS /fp:precise /Zc:wchar_t /Zc:forScope /Yu"StdAfx.h" /Fp"Debug\startpy.pch" /Fo"Debug\\" /Fd"Debug\vc100.pdb" /Gd /TP /analyze- /errorReport:prompt startpy.cpp
         startpy.cpp
       ManifestResourceCompile:
         C:\Program Files (x86)\Microsoft SDKs\Windows\v7.0A\bin\rc.exe /nologo /fo"Debug\startpy.exe.embed.manifest.res" Debug\startpy_manifest.rc 
       Link:
         C:\Program Files (x86)\Microsoft Visual Studio 10.0\VC\bin\link.exe /ERRORREPORT:PROMPT /OUT:"C:\Users\Катя\Documents\Visual Studio 2010\Projects\sample\Debug\startpy.exe" /INCREMENTAL /NOLOGO kernel32.lib user32.lib gdi32.lib winspool.lib comdlg32.lib advapi32.lib shell32.lib ole32.lib oleaut32.lib uuid.lib odbc32.lib odbccp32.lib /MANIFEST /ManifestFile:"Debug\startpy.exe.intermediate.manifest" /MANIFESTUAC:"level='asInvoker' uiAccess='false'" /DEBUG /PDB:"C:\Users\Катя\Documents\Visual Studio 2010\Projects\sample\Debug\startpy.pdb" /SUBSYSTEM:CONSOLE /TLBID:1 /DYNAMICBASE /NXCOMPAT /IMPLIB:"C:\Users\Катя\Documents\Visual Studio 2010\Projects\sample\Debug\startpy.lib" /MACHINE:X86 Debug\startpy.exe.embed.manifest.res
         Debug\startpy.obj
         Debug\stdafx.obj
       Manifest:
         Deleting file "Debug\startpy.exe.embed.manifest".
         C:\Program Files (x86)\Microsoft SDKs\Windows\v7.0A\bin\mt.exe /nologo /verbose /out:"Debug\startpy.exe.embed.manifest" /manifest Debug\startpy.exe.intermediate.manifest
         C:\Program Files (x86)\Microsoft SDKs\Windows\v7.0A\bin\rc.exe /nologo /fo"Debug\startpy.exe.embed.manifest.res" Debug\startpy_manifest.rc 
       LinkEmbedManifest:
         C:\Program Files (x86)\Microsoft Visual Studio 10.0\VC\bin\link.exe /ERRORREPORT:PROMPT /OUT:"C:\Users\Катя\Documents\Visual Studio 2010\Projects\sample\Debug\startpy.exe" /INCREMENTAL /NOLOGO kernel32.lib user32.lib gdi32.lib winspool.lib comdlg32.lib advapi32.lib shell32.lib ole32.lib oleaut32.lib uuid.lib odbc32.lib odbccp32.lib /MANIFEST /ManifestFile:"Debug\startpy.exe.intermediate.manifest" /MANIFESTUAC:"level='asInvoker' uiAccess='false'" /DEBUG /PDB:"C:\Users\Катя\Documents\Visual Studio 2010\Projects\sample\Debug\startpy.pdb" /SUBSYSTEM:CONSOLE /TLBID:1 /DYNAMICBASE /NXCOMPAT /IMPLIB:"C:\Users\Катя\Documents\Visual Studio 2010\Projects\sample\Debug\startpy.lib" /MACHINE:X86 Debug\startpy.exe.embed.manifest.res
         Debug\startpy.obj
         Debug\stdafx.obj
         startpy.vcxproj -> C:\Users\Катя\Documents\Visual Studio 2010\Projects\sample\Debug\startpy.exe
       FinalizeBuildStatus:
         Deleting file "Debug\startpy.unsuccessfulbuild".
         Touching "Debug\startpy.lastbuildstate".
     1>Done Building Project "C:\Users\Катя\Documents\Visual Studio 2010\Projects\sample\startpy\startpy.vcxproj" (rebuild target(s)).

Build succeeded.

Time Elapsed 00:00:00.67
