C:\USERS\Катя\DOCUMENTS\VISUAL STUDIO 2010\PROJECTS\SAMPLE\DEBUG\SAMPLE.DLL
C:\USERS\Катя\DOCUMENTS\VISUAL STUDIO 2010\PROJECTS\SAMPLE\DEBUG\SAMPLE.ILK
C:\USERS\КАТЯ\DOCUMENTS\VISUAL STUDIO 2010\PROJECTS\SAMPLE\DEBUG\SAMPLE.PDB
C:\USERS\КАТЯ\DOCUMENTS\VISUAL STUDIO 2010\PROJECTS\SAMPLE\SAMPLE\_WRAP.CXX
C:\Users\Катя\Documents\Visual Studio 2010\Projects\sample\sample\Debug\cl.command.1.tlog
C:\Users\Катя\Documents\Visual Studio 2010\Projects\sample\sample\Debug\CL.read.1.tlog
C:\Users\Катя\Documents\Visual Studio 2010\Projects\sample\sample\Debug\CL.write.1.tlog
C:\Users\Катя\Documents\Visual Studio 2010\Projects\sample\sample\Debug\custombuild.command.1.tlog
C:\Users\Катя\Documents\Visual Studio 2010\Projects\sample\sample\Debug\custombuild.read.1.tlog
C:\Users\Катя\Documents\Visual Studio 2010\Projects\sample\sample\Debug\custombuild.write.1.tlog
C:\Users\Катя\Documents\Visual Studio 2010\Projects\sample\sample\Debug\link.6464.read.1.tlog
C:\Users\Катя\Documents\Visual Studio 2010\Projects\sample\sample\Debug\link.6464.write.1.tlog
C:\Users\Катя\Documents\Visual Studio 2010\Projects\sample\sample\Debug\link.6464-cvtres.read.1.tlog
C:\Users\Катя\Documents\Visual Studio 2010\Projects\sample\sample\Debug\link.6464-cvtres.write.1.tlog
C:\Users\Катя\Documents\Visual Studio 2010\Projects\sample\sample\Debug\link.command.1.tlog
C:\Users\Катя\Documents\Visual Studio 2010\Projects\sample\sample\Debug\link.read.1.tlog
C:\Users\Катя\Documents\Visual Studio 2010\Projects\sample\sample\Debug\link.write.1.tlog
C:\Users\Катя\Documents\Visual Studio 2010\Projects\sample\sample\Debug\link-cvtres.read.1.tlog
C:\Users\Катя\Documents\Visual Studio 2010\Projects\sample\sample\Debug\link-cvtres.write.1.tlog
C:\Users\Катя\Documents\Visual Studio 2010\Projects\sample\sample\Debug\mt.command.1.tlog
C:\Users\Катя\Documents\Visual Studio 2010\Projects\sample\sample\Debug\mt.read.1.tlog
C:\Users\Катя\Documents\Visual Studio 2010\Projects\sample\sample\Debug\mt.write.1.tlog
C:\Users\Катя\Documents\Visual Studio 2010\Projects\sample\sample\Debug\rc.command.1.tlog
C:\Users\Катя\Documents\Visual Studio 2010\Projects\sample\sample\Debug\rc.read.1.tlog
C:\Users\Катя\Documents\Visual Studio 2010\Projects\sample\sample\Debug\rc.write.1.tlog
C:\USERS\Катя\DOCUMENTS\VISUAL STUDIO 2010\PROJECTS\SAMPLE\SAMPLE\DEBUG\SAMPLE.DLL.EMBED.MANIFEST
C:\USERS\Катя\DOCUMENTS\VISUAL STUDIO 2010\PROJECTS\SAMPLE\SAMPLE\DEBUG\SAMPLE.DLL.EMBED.MANIFEST.RES
C:\USERS\Катя\DOCUMENTS\VISUAL STUDIO 2010\PROJECTS\SAMPLE\SAMPLE\DEBUG\SAMPLE.DLL.INTERMEDIATE.MANIFEST
C:\USERS\Катя\DOCUMENTS\VISUAL STUDIO 2010\PROJECTS\SAMPLE\SAMPLE\DEBUG\SAMPLE.OBJ
C:\Users\Катя\Documents\Visual Studio 2010\Projects\sample\sample\Debug\sample.write.1.tlog
C:\Users\Катя\Documents\Visual Studio 2010\Projects\sample\sample\Debug\sample_manifest.rc
C:\Users\Катя\Documents\Visual Studio 2010\Projects\sample\sample\Debug\vc100.idb
C:\USERS\КАТЯ\DOCUMENTS\VISUAL STUDIO 2010\PROJECTS\SAMPLE\SAMPLE\DEBUG\VC100.PDB
