Build started 27.12.2016 15:39:14.
     1>Project "C:\Users\Катя\Documents\Visual Studio 2010\Projects\sample\sample\sample.vcxproj" on node 2 (rebuild target(s)).
     1>_PrepareForClean:
         Deleting file "Debug\sample.lastbuildstate".
       InitializeBuildStatus:
         Creating "Debug\sample.unsuccessfulbuild" because "AlwaysCreate" was specified.
       CustomBuild:
         Performing Custom Build Tools
       ClCompile:
         C:\Program Files (x86)\Microsoft Visual Studio 10.0\VC\bin\CL.exe /c /ZI /nologo /W3 /WX- /Od /Oy- /D WIN32 /D _DEBUG /D _WINDOWS /D _USRDLL /D SAMPLE_EXPORTS /D _WINDLL /D _UNICODE /D UNICODE /Gm /EHsc /RTC1 /MDd /GS /fp:precise /Zc:wchar_t /Zc:forScope /Fo"Debug\\" /Fd"Debug\vc100.pdb" /Gd /TP /analyze- /errorReport:prompt sample.cpp
         sample.cpp
       ManifestResourceCompile:
         C:\Program Files (x86)\Microsoft SDKs\Windows\v7.0A\bin\rc.exe /nologo /fo"Debug\sample.dll.embed.manifest.res" Debug\sample_manifest.rc 
       Link:
         C:\Program Files (x86)\Microsoft Visual Studio 10.0\VC\bin\link.exe /ERRORREPORT:PROMPT /OUT:"C:\Users\Катя\Documents\Visual Studio 2010\Projects\sample\Debug\sample.dll" /INCREMENTAL /NOLOGO kernel32.lib user32.lib gdi32.lib winspool.lib comdlg32.lib advapi32.lib shell32.lib ole32.lib oleaut32.lib uuid.lib odbc32.lib odbccp32.lib /MANIFEST /ManifestFile:"Debug\sample.dll.intermediate.manifest" /MANIFESTUAC:"level='asInvoker' uiAccess='false'" /DEBUG /PDB:"C:\Users\Катя\Documents\Visual Studio 2010\Projects\sample\Debug\sample.pdb" /SUBSYSTEM:WINDOWS /TLBID:1 /DYNAMICBASE /NXCOMPAT /IMPLIB:"C:\Users\Катя\Documents\Visual Studio 2010\Projects\sample\Debug\sample.lib" /MACHINE:X86 /DLL Debug\sample.dll.embed.manifest.res
         Debug\sample.obj
       Manifest:
         Deleting file "Debug\sample.dll.embed.manifest".
         C:\Program Files (x86)\Microsoft SDKs\Windows\v7.0A\bin\mt.exe /nologo /verbose /out:"Debug\sample.dll.embed.manifest" /manifest Debug\sample.dll.intermediate.manifest
         C:\Program Files (x86)\Microsoft SDKs\Windows\v7.0A\bin\rc.exe /nologo /fo"Debug\sample.dll.embed.manifest.res" Debug\sample_manifest.rc 
       LinkEmbedManifest:
         C:\Program Files (x86)\Microsoft Visual Studio 10.0\VC\bin\link.exe /ERRORREPORT:PROMPT /OUT:"C:\Users\Катя\Documents\Visual Studio 2010\Projects\sample\Debug\sample.dll" /INCREMENTAL /NOLOGO kernel32.lib user32.lib gdi32.lib winspool.lib comdlg32.lib advapi32.lib shell32.lib ole32.lib oleaut32.lib uuid.lib odbc32.lib odbccp32.lib /MANIFEST /ManifestFile:"Debug\sample.dll.intermediate.manifest" /MANIFESTUAC:"level='asInvoker' uiAccess='false'" /DEBUG /PDB:"C:\Users\Катя\Documents\Visual Studio 2010\Projects\sample\Debug\sample.pdb" /SUBSYSTEM:WINDOWS /TLBID:1 /DYNAMICBASE /NXCOMPAT /IMPLIB:"C:\Users\Катя\Documents\Visual Studio 2010\Projects\sample\Debug\sample.lib" /MACHINE:X86 /DLL Debug\sample.dll.embed.manifest.res
         Debug\sample.obj
         sample.vcxproj -> C:\Users\Катя\Documents\Visual Studio 2010\Projects\sample\Debug\sample.dll
       FinalizeBuildStatus:
         Deleting file "Debug\sample.unsuccessfulbuild".
         Touching "Debug\sample.lastbuildstate".
     1>Done Building Project "C:\Users\Катя\Documents\Visual Studio 2010\Projects\sample\sample\sample.vcxproj" (rebuild target(s)).

Build succeeded.

Time Elapsed 00:00:00.88
